# JRE version: OpenJDK Runtime Environment (8.0_112-b06) (build 1.8.0_112-release-b06)
# Java VM: OpenJDK 64-Bit Server VM (25.112-b06 mixed mode windows-amd64 compressed oops)
Heap:
 PSYoungGen      total 113152K, used 20479K [0x00000000e0000000, 0x00000000e9d00000, 0x0000000100000000)
  eden space 92672K, 0% used [0x00000000e0000000,0x00000000e0000000,0x00000000e5a80000)
  from space 20480K, 99% used [0x00000000e5a80000,0x00000000e6e7fe58,0x00000000e6e80000)
  to   space 24064K, 0% used [0x00000000e8580000,0x00000000e8580000,0x00000000e9d00000)
 ParOldGen       total 111104K, used 26106K [0x00000000a0000000, 0x00000000a6c80000, 0x00000000e0000000)
  object space 111104K, 23% used [0x00000000a0000000,0x00000000a197e9e8,0x00000000a6c80000)
 Metaspace       used 57357K, capacity 59038K, committed 59136K, reserved 1099776K
  class space    used 7553K, capacity 7876K, committed 7936K, reserved 1048576K
GC Heap History (10 events):
Event: 37.740 GC heap after
Heap after GC invocations=13 (full 2):
 PSYoungGen      total 79872K, used 9670K [0x00000000e0000000, 0x00000000e6600000, 0x0000000100000000)
  eden space 68608K, 0% used [0x00000000e0000000,0x00000000e0000000,0x00000000e4300000)
  from space 11264K, 85% used [0x00000000e4300000,0x00000000e4c719e8,0x00000000e4e00000)
  to   space 11776K, 0% used [0x00000000e5a80000,0x00000000e5a80000,0x00000000e6600000)
 ParOldGen       total 111104K, used 15062K [0x00000000a0000000, 0x00000000a6c80000, 0x00000000e0000000)
  object space 111104K, 13% used [0x00000000a0000000,0x00000000a0eb5a88,0x00000000a6c80000)
 Metaspace       used 43651K, capacity 44512K, committed 44800K, reserved 1087488K
  class space    used 5840K, capacity 6069K, committed 6144K, reserved 1048576K
}
Event: 45.627 GC heap before
{Heap before GC invocations=14 (full 2):
 PSYoungGen      total 79872K, used 78278K [0x00000000e0000000, 0x00000000e6600000, 0x0000000100000000)
  eden space 68608K, 100% used [0x00000000e0000000,0x00000000e4300000,0x00000000e4300000)
  from space 11264K, 85% used [0x00000000e4300000,0x00000000e4c719e8,0x00000000e4e00000)
  to   space 11776K, 0% used [0x00000000e5a80000,0x00000000e5a80000,0x00000000e6600000)
 ParOldGen       total 111104K, used 15062K [0x00000000a0000000, 0x00000000a6c80000, 0x00000000e0000000)
  object space 111104K, 13% used [0x00000000a0000000,0x00000000a0eb5a88,0x00000000a6c80000)
 Metaspace       used 48821K, capacity 50054K, committed 50176K, reserved 1093632K
  class space    used 6562K, capacity 6864K, committed 6912K, reserved 1048576K
Event: 45.702 GC heap after
Heap after GC invocations=14 (full 2):
 PSYoungGen      total 90112K, used 11758K [0x00000000e0000000, 0x00000000e6c00000, 0x0000000100000000)
  eden space 78336K, 0% used [0x00000000e0000000,0x00000000e0000000,0x00000000e4c80000)
  from space 11776K, 99% used [0x00000000e5a80000,0x00000000e65fbaf0,0x00000000e6600000)
  to   space 14336K, 0% used [0x00000000e4c80000,0x00000000e4c80000,0x00000000e5a80000)
 ParOldGen       total 111104K, used 18105K [0x00000000a0000000, 0x00000000a6c80000, 0x00000000e0000000)
  object space 111104K, 16% used [0x00000000a0000000,0x00000000a11ae7b8,0x00000000a6c80000)
 Metaspace       used 48821K, capacity 50054K, committed 50176K, reserved 1093632K
  class space    used 6562K, capacity 6864K, committed 6912K, reserved 1048576K
}
Event: 51.139 GC heap before
{Heap before GC invocations=15 (full 2):
 PSYoungGen      total 90112K, used 90094K [0x00000000e0000000, 0x00000000e6c00000, 0x0000000100000000)
  eden space 78336K, 100% used [0x00000000e0000000,0x00000000e4c80000,0x00000000e4c80000)
  from space 11776K, 99% used [0x00000000e5a80000,0x00000000e65fbaf0,0x00000000e6600000)
  to   space 14336K, 0% used [0x00000000e4c80000,0x00000000e4c80000,0x00000000e5a80000)
 ParOldGen       total 111104K, used 18105K [0x00000000a0000000, 0x00000000a6c80000, 0x00000000e0000000)
  object space 111104K, 16% used [0x00000000a0000000,0x00000000a11ae7b8,0x00000000a6c80000)
 Metaspace       used 53239K, capacity 54776K, committed 54912K, reserved 1097728K
  class space    used 7180K, capacity 7515K, committed 7552K, reserved 1048576K
Event: 51.204 GC heap after
Heap after GC invocations=15 (full 2):
 PSYoungGen      total 92672K, used 14335K [0x00000000e0000000, 0x00000000e8000000, 0x0000000100000000)
  eden space 78336K, 0% used [0x00000000e0000000,0x00000000e0000000,0x00000000e4c80000)
  from space 14336K, 99% used [0x00000000e4c80000,0x00000000e5a7fe28,0x00000000e5a80000)
  to   space 17920K, 0% used [0x00000000e6e80000,0x00000000e6e80000,0x00000000e8000000)
 ParOldGen       total 111104K, used 23452K [0x00000000a0000000, 0x00000000a6c80000, 0x00000000e0000000)
  object space 111104K, 21% used [0x00000000a0000000,0x00000000a16e7040,0x00000000a6c80000)
 Metaspace       used 53239K, capacity 54776K, committed 54912K, reserved 1097728K
  class space    used 7180K, capacity 7515K, committed 7552K, reserved 1048576K
}
Event: 261.475 GC heap before
{Heap before GC invocations=16 (full 2):
 PSYoungGen      total 92672K, used 92671K [0x00000000e0000000, 0x00000000e8000000, 0x0000000100000000)
  eden space 78336K, 100% used [0x00000000e0000000,0x00000000e4c80000,0x00000000e4c80000)
  from space 14336K, 99% used [0x00000000e4c80000,0x00000000e5a7fe28,0x00000000e5a80000)
  to   space 17920K, 0% used [0x00000000e6e80000,0x00000000e6e80000,0x00000000e8000000)
 ParOldGen       total 111104K, used 23452K [0x00000000a0000000, 0x00000000a6c80000, 0x00000000e0000000)
  object space 111104K, 21% used [0x00000000a0000000,0x00000000a16e7040,0x00000000a6c80000)
 Metaspace       used 55782K, capacity 57428K, committed 57600K, reserved 1099776K
  class space    used 7350K, capacity 7673K, committed 7680K, reserved 1048576K
Event: 261.637 GC heap after
Heap after GC invocations=16 (full 2):
 PSYoungGen      total 110592K, used 17901K [0x00000000e0000000, 0x00000000e8280000, 0x0000000100000000)
  eden space 92672K, 0% used [0x00000000e0000000,0x00000000e0000000,0x00000000e5a80000)
  from space 17920K, 99% used [0x00000000e6e80000,0x00000000e7ffb778,0x00000000e8000000)
  to   space 20480K, 0% used [0x00000000e5a80000,0x00000000e5a80000,0x00000000e6e80000)
 ParOldGen       total 111104K, used 23578K [0x00000000a0000000, 0x00000000a6c80000, 0x00000000e0000000)
  object space 111104K, 21% used [0x00000000a0000000,0x00000000a17069b0,0x00000000a6c80000)
 Metaspace       used 55782K, capacity 57428K, committed 57600K, reserved 1099776K
  class space    used 7350K, capacity 7673K, committed 7680K, reserved 1048576K
}
Event: 266.279 GC heap before
{Heap before GC invocations=17 (full 2):
 PSYoungGen      total 110592K, used 59320K [0x00000000e0000000, 0x00000000e8280000, 0x0000000100000000)
  eden space 92672K, 44% used [0x00000000e0000000,0x00000000e2872c60,0x00000000e5a80000)
  from space 17920K, 99% used [0x00000000e6e80000,0x00000000e7ffb778,0x00000000e8000000)
  to   space 20480K, 0% used [0x00000000e5a80000,0x00000000e5a80000,0x00000000e6e80000)
 ParOldGen       total 111104K, used 23578K [0x00000000a0000000, 0x00000000a6c80000, 0x00000000e0000000)
  object space 111104K, 21% used [0x00000000a0000000,0x00000000a17069b0,0x00000000a6c80000)
 Metaspace       used 57357K, capacity 59038K, committed 59136K, reserved 1099776K
  class space    used 7553K, capacity 7876K, committed 7936K, reserved 1048576K
Event: 266.346 GC heap after
Heap after GC invocations=17 (full 2):
 PSYoungGen      total 113152K, used 20479K [0x00000000e0000000, 0x00000000e9d00000, 0x0000000100000000)
  eden space 92672K, 0% used [0x00000000e0000000,0x00000000e0000000,0x00000000e5a80000)
  from space 20480K, 99% used [0x00000000e5a80000,0x00000000e6e7fe58,0x00000000e6e80000)
  to   space 24064K, 0% used [0x00000000e8580000,0x00000000e8580000,0x00000000e9d00000)
 ParOldGen       total 111104K, used 26106K [0x00000000a0000000, 0x00000000a6c80000, 0x00000000e0000000)
  object space 111104K, 23% used [0x00000000a0000000,0x00000000a197e9e8,0x00000000a6c80000)
 Metaspace       used 57357K, capacity 59038K, committed 59136K, reserved 1099776K
  class space    used 7553K, capacity 7876K, committed 7936K, reserved 1048576K
}
Event: 266.346 GC heap before
{Heap before GC invocations=18 (full 3):
 PSYoungGen      total 113152K, used 20479K [0x00000000e0000000, 0x00000000e9d00000, 0x0000000100000000)
  eden space 92672K, 0% used [0x00000000e0000000,0x00000000e0000000,0x00000000e5a80000)
  from space 20480K, 99% used [0x00000000e5a80000,0x00000000e6e7fe58,0x00000000e6e80000)
  to   space 24064K, 0% used [0x00000000e8580000,0x00000000e8580000,0x00000000e9d00000)
 ParOldGen       total 111104K, used 26106K [0x00000000a0000000, 0x00000000a6c80000, 0x00000000e0000000)
  object space 111104K, 23% used [0x00000000a0000000,0x00000000a197e9e8,0x00000000a6c80000)
 Metaspace       used 57357K, capacity 59038K, committed 59136K, reserved 1099776K
  class space    used 7553K, capacity 7876K, committed 7936K, reserved 1048576K

